2025-01-16 02:11:29,640 - app.core.logging_config - INFO - Initializing GitHubPRReviewAgent
2025-01-16 02:11:29,684 - app.core.logging_config - DEBUG - Setting up agent tools
2025-01-16 02:11:29,685 - app.core.logging_config - INFO - Successfully set up 3 tools
2025-01-16 02:11:29,685 - app.core.logging_config - DEBUG - Setting up agent executor
2025-01-16 02:11:29,687 - app.core.logging_config - INFO - Successfully set up agent executor
2025-01-16 02:11:29,687 - app.core.logging_config - INFO - GitHubPRReviewAgent initialization complete
2025-01-16 02:11:34,506 - app.core.logging_config - INFO - Initializing GitHubPRReviewAgent
2025-01-16 02:11:34,543 - app.core.logging_config - DEBUG - Setting up agent tools
2025-01-16 02:11:34,544 - app.core.logging_config - INFO - Successfully set up 3 tools
2025-01-16 02:11:34,544 - app.core.logging_config - DEBUG - Setting up agent executor
2025-01-16 02:11:34,546 - app.core.logging_config - INFO - Successfully set up agent executor
2025-01-16 02:11:34,546 - app.core.logging_config - INFO - GitHubPRReviewAgent initialization complete
2025-01-16 02:11:46,453 - app.core.logging_config - INFO - Initializing GitHubPRReviewAgent
2025-01-16 02:11:46,489 - app.core.logging_config - DEBUG - Setting up agent tools
2025-01-16 02:11:46,489 - app.core.logging_config - INFO - Successfully set up 3 tools
2025-01-16 02:11:46,489 - app.core.logging_config - DEBUG - Setting up agent executor
2025-01-16 02:11:46,492 - app.core.logging_config - INFO - Successfully set up agent executor
2025-01-16 02:11:46,492 - app.core.logging_config - INFO - GitHubPRReviewAgent initialization complete
2025-01-16 02:12:07,766 - app.core.logging_config - INFO - Initializing GitHubPRReviewAgent
2025-01-16 02:12:07,816 - app.core.logging_config - DEBUG - Setting up agent tools
2025-01-16 02:12:07,816 - app.core.logging_config - INFO - Successfully set up 3 tools
2025-01-16 02:12:07,816 - app.core.logging_config - DEBUG - Setting up agent executor
2025-01-16 02:12:07,819 - app.core.logging_config - INFO - Successfully set up agent executor
2025-01-16 02:12:07,820 - app.core.logging_config - INFO - GitHubPRReviewAgent initialization complete
2025-01-16 02:12:07,820 - celery.utils.functional - DEBUG - 
def fetch_github_pr(github_repo_url, pr_number, access_token=0):
    return 1

2025-01-16 02:12:07,820 - celery.utils.functional - DEBUG - 
def xstarmap(task, it):
    return 1

2025-01-16 02:12:07,821 - celery.utils.functional - DEBUG - 
def chord(self, header, body, partial_args=0, interval=1, countdown=2, max_retries=3, eager=4, **kwargs):
    return 1

2025-01-16 02:12:07,821 - celery.utils.functional - DEBUG - 
def accumulate(self, *args, **kwargs):
    return 1

2025-01-16 02:12:07,822 - celery.utils.functional - DEBUG - 
def chunks(task, it, n):
    return 1

2025-01-16 02:12:07,822 - celery.utils.functional - DEBUG - 
def unlock_chord(self, group_id, callback, interval=0, max_retries=1, result=2, Result=3, GroupResult=4, result_from_tuple=5, **kwargs):
    return 1

2025-01-16 02:12:07,823 - celery.utils.functional - DEBUG - 
def group(self, tasks, result, group_id, partial_args, add_to_parent=0):
    return 1

2025-01-16 02:12:07,823 - celery.utils.functional - DEBUG - 
def xmap(task, it):
    return 1

2025-01-16 02:12:07,823 - celery.utils.functional - DEBUG - 
def backend_cleanup():
    return 1

2025-01-16 02:12:07,823 - celery.utils.functional - DEBUG - 
def chain(*args, **kwargs):
    return 1

2025-01-16 02:12:35,700 - app.core.logging_config - INFO - Received PR analyze request: https://github.com/rahberabbas/demo.git - PR#1
2025-01-16 02:12:35,704 - celery.utils.functional - DEBUG - 
def fetch_github_pr(github_repo_url, pr_number, access_token=0):
    return 1

2025-01-16 02:12:35,803 - app.core.logging_config - INFO - Task 14141ec6-6cff-49b2-a0b7-69d564917aa9 started for PR#1
2025-01-16 02:16:02,339 - app.core.logging_config - INFO - Initializing GitHubPRReviewAgent
2025-01-16 02:16:02,374 - app.core.logging_config - DEBUG - Setting up agent tools
2025-01-16 02:16:02,374 - app.core.logging_config - INFO - Successfully set up 3 tools
2025-01-16 02:16:02,374 - app.core.logging_config - DEBUG - Setting up agent executor
2025-01-16 02:16:02,376 - app.core.logging_config - INFO - Successfully set up agent executor
2025-01-16 02:16:02,377 - app.core.logging_config - INFO - GitHubPRReviewAgent initialization complete
2025-01-16 02:16:43,954 - app.core.logging_config - INFO - Initializing GitHubPRReviewAgent
2025-01-16 02:16:43,992 - app.core.logging_config - DEBUG - Setting up agent tools
2025-01-16 02:16:43,992 - app.core.logging_config - INFO - Successfully set up 3 tools
2025-01-16 02:16:43,992 - app.core.logging_config - DEBUG - Setting up agent executor
2025-01-16 02:16:43,995 - app.core.logging_config - INFO - Successfully set up agent executor
2025-01-16 02:16:43,995 - app.core.logging_config - INFO - GitHubPRReviewAgent initialization complete
2025-01-16 02:17:04,258 - app.core.logging_config - INFO - Initializing GitHubPRReviewAgent
2025-01-16 02:17:04,292 - app.core.logging_config - DEBUG - Setting up agent tools
2025-01-16 02:17:04,293 - app.core.logging_config - INFO - Successfully set up 3 tools
2025-01-16 02:17:04,293 - app.core.logging_config - DEBUG - Setting up agent executor
2025-01-16 02:17:04,295 - app.core.logging_config - INFO - Successfully set up agent executor
2025-01-16 02:17:04,296 - app.core.logging_config - INFO - GitHubPRReviewAgent initialization complete
2025-01-16 02:17:21,625 - app.core.logging_config - INFO - Initializing GitHubPRReviewAgent
2025-01-16 02:17:21,660 - app.core.logging_config - DEBUG - Setting up agent tools
2025-01-16 02:17:21,661 - app.core.logging_config - INFO - Successfully set up 3 tools
2025-01-16 02:17:21,661 - app.core.logging_config - DEBUG - Setting up agent executor
2025-01-16 02:17:21,663 - app.core.logging_config - INFO - Successfully set up agent executor
2025-01-16 02:17:21,663 - app.core.logging_config - INFO - GitHubPRReviewAgent initialization complete
2025-01-16 02:17:36,275 - app.core.logging_config - INFO - Initializing GitHubPRReviewAgent
2025-01-16 02:17:36,310 - app.core.logging_config - DEBUG - Setting up agent tools
2025-01-16 02:17:36,311 - app.core.logging_config - INFO - Successfully set up 3 tools
2025-01-16 02:17:36,311 - app.core.logging_config - DEBUG - Setting up agent executor
2025-01-16 02:17:36,313 - app.core.logging_config - INFO - Successfully set up agent executor
2025-01-16 02:17:36,313 - app.core.logging_config - INFO - GitHubPRReviewAgent initialization complete
2025-01-16 02:17:44,882 - app.core.logging_config - INFO - Initializing GitHubPRReviewAgent
2025-01-16 02:17:44,916 - app.core.logging_config - DEBUG - Setting up agent tools
2025-01-16 02:17:44,916 - app.core.logging_config - INFO - Successfully set up 3 tools
2025-01-16 02:17:44,916 - app.core.logging_config - DEBUG - Setting up agent executor
2025-01-16 02:17:44,918 - app.core.logging_config - INFO - Successfully set up agent executor
2025-01-16 02:17:44,919 - app.core.logging_config - INFO - GitHubPRReviewAgent initialization complete
2025-01-16 02:17:47,062 - app.core.logging_config - INFO - Initializing GitHubPRReviewAgent
2025-01-16 02:17:47,108 - app.core.logging_config - DEBUG - Setting up agent tools
2025-01-16 02:17:47,108 - app.core.logging_config - INFO - Successfully set up 3 tools
2025-01-16 02:17:47,108 - app.core.logging_config - DEBUG - Setting up agent executor
2025-01-16 02:17:47,110 - app.core.logging_config - INFO - Successfully set up agent executor
2025-01-16 02:17:47,111 - app.core.logging_config - INFO - GitHubPRReviewAgent initialization complete
2025-01-16 02:17:47,111 - celery.utils.functional - DEBUG - 
def xstarmap(task, it):
    return 1

2025-01-16 02:17:47,111 - celery.utils.functional - DEBUG - 
def chord(self, header, body, partial_args=0, interval=1, countdown=2, max_retries=3, eager=4, **kwargs):
    return 1

2025-01-16 02:17:47,112 - celery.utils.functional - DEBUG - 
def accumulate(self, *args, **kwargs):
    return 1

2025-01-16 02:17:47,112 - celery.utils.functional - DEBUG - 
def fetch_github_pr(github_repo_url, pr_number, access_token=0):
    return 1

2025-01-16 02:17:47,114 - celery.utils.functional - DEBUG - 
def chunks(task, it, n):
    return 1

2025-01-16 02:17:47,114 - celery.utils.functional - DEBUG - 
def unlock_chord(self, group_id, callback, interval=0, max_retries=1, result=2, Result=3, GroupResult=4, result_from_tuple=5, **kwargs):
    return 1

2025-01-16 02:17:47,115 - celery.utils.functional - DEBUG - 
def group(self, tasks, result, group_id, partial_args, add_to_parent=0):
    return 1

2025-01-16 02:17:47,115 - celery.utils.functional - DEBUG - 
def xmap(task, it):
    return 1

2025-01-16 02:17:47,115 - celery.utils.functional - DEBUG - 
def backend_cleanup():
    return 1

2025-01-16 02:17:47,116 - celery.utils.functional - DEBUG - 
def chain(*args, **kwargs):
    return 1

2025-01-16 02:18:05,685 - app.core.logging_config - INFO - Received PR analyze request: https://github.com/rahberabbas/demo.git - PR#1
2025-01-16 02:18:05,689 - celery.utils.functional - DEBUG - 
def fetch_github_pr(github_repo_url, pr_number, access_token=0):
    return 1

2025-01-16 02:18:05,746 - app.core.logging_config - INFO - Task 73aad3b3-79f6-4ea6-bdee-8ba168971f70 started for PR#1
2025-01-16 02:18:18,605 - app.core.logging_config - INFO - Received PR analyze request: https://github.com/rahberabbas/demo.git - PR#1
2025-01-16 02:18:18,607 - app.core.logging_config - INFO - Task 735dd3be-92fa-4d03-9241-c5fbf39c5df2 started for PR#1
2025-01-16 02:18:31,973 - app.core.logging_config - INFO - Received PR analyze request: https://github.com/rahberabbas/demo.git - PR#1
2025-01-16 02:18:31,976 - app.core.logging_config - INFO - Task cade80db-5ce6-4d3e-ab6e-7771f818205c started for PR#1
2025-01-16 02:22:06,244 - app.core.logging_config - INFO - Initializing GitHubPRReviewAgent
2025-01-16 02:22:06,284 - app.core.logging_config - DEBUG - Setting up agent tools
2025-01-16 02:22:06,285 - app.core.logging_config - INFO - Successfully set up 3 tools
2025-01-16 02:22:06,285 - app.core.logging_config - DEBUG - Setting up agent executor
2025-01-16 02:22:06,288 - app.core.logging_config - INFO - Successfully set up agent executor
2025-01-16 02:22:06,288 - app.core.logging_config - INFO - GitHubPRReviewAgent initialization complete
2025-01-16 02:23:16,750 - app.core.logging_config - INFO - Initializing GitHubPRReviewAgent
2025-01-16 02:23:16,785 - app.core.logging_config - DEBUG - Setting up agent tools
2025-01-16 02:23:16,786 - app.core.logging_config - INFO - Successfully set up 3 tools
2025-01-16 02:23:16,786 - app.core.logging_config - DEBUG - Setting up agent executor
2025-01-16 02:23:16,788 - app.core.logging_config - INFO - Successfully set up agent executor
2025-01-16 02:23:16,789 - app.core.logging_config - INFO - GitHubPRReviewAgent initialization complete
2025-01-16 02:23:55,177 - app.core.logging_config - INFO - Initializing GitHubPRReviewAgent
2025-01-16 02:23:55,212 - app.core.logging_config - DEBUG - Setting up agent tools
2025-01-16 02:23:55,213 - app.core.logging_config - INFO - Successfully set up 3 tools
2025-01-16 02:23:55,213 - app.core.logging_config - DEBUG - Setting up agent executor
2025-01-16 02:23:55,215 - app.core.logging_config - INFO - Successfully set up agent executor
2025-01-16 02:23:55,216 - app.core.logging_config - INFO - GitHubPRReviewAgent initialization complete
2025-01-16 02:24:04,553 - app.core.logging_config - INFO - Initializing GitHubPRReviewAgent
2025-01-16 02:24:04,591 - app.core.logging_config - DEBUG - Setting up agent tools
2025-01-16 02:24:04,591 - app.core.logging_config - INFO - Successfully set up 3 tools
2025-01-16 02:24:04,591 - app.core.logging_config - DEBUG - Setting up agent executor
2025-01-16 02:24:04,594 - app.core.logging_config - INFO - Successfully set up agent executor
2025-01-16 02:24:04,594 - app.core.logging_config - INFO - GitHubPRReviewAgent initialization complete
2025-01-16 02:24:17,038 - app.core.logging_config - INFO - Initializing GitHubPRReviewAgent
2025-01-16 02:24:17,074 - app.core.logging_config - DEBUG - Setting up agent tools
2025-01-16 02:24:17,075 - app.core.logging_config - INFO - Successfully set up 3 tools
2025-01-16 02:24:17,075 - app.core.logging_config - DEBUG - Setting up agent executor
2025-01-16 02:24:17,078 - app.core.logging_config - INFO - Successfully set up agent executor
2025-01-16 02:24:17,079 - app.core.logging_config - INFO - GitHubPRReviewAgent initialization complete
2025-01-16 02:24:37,035 - app.core.logging_config - INFO - Initializing GitHubPRReviewAgent
2025-01-16 02:24:37,070 - app.core.logging_config - DEBUG - Setting up agent tools
2025-01-16 02:24:37,071 - app.core.logging_config - INFO - Successfully set up 3 tools
2025-01-16 02:24:37,071 - app.core.logging_config - DEBUG - Setting up agent executor
2025-01-16 02:24:37,073 - app.core.logging_config - INFO - Successfully set up agent executor
2025-01-16 02:24:37,074 - app.core.logging_config - INFO - GitHubPRReviewAgent initialization complete
2025-01-16 02:25:01,487 - app.core.logging_config - INFO - Initializing GitHubPRReviewAgent
2025-01-16 02:25:01,521 - app.core.logging_config - DEBUG - Setting up agent tools
2025-01-16 02:25:01,521 - app.core.logging_config - INFO - Successfully set up 3 tools
2025-01-16 02:25:01,522 - app.core.logging_config - DEBUG - Setting up agent executor
2025-01-16 02:25:01,524 - app.core.logging_config - INFO - Successfully set up agent executor
2025-01-16 02:25:01,524 - app.core.logging_config - INFO - GitHubPRReviewAgent initialization complete
2025-01-16 02:25:16,075 - app.core.logging_config - INFO - Initializing GitHubPRReviewAgent
2025-01-16 02:25:16,111 - app.core.logging_config - DEBUG - Setting up agent tools
2025-01-16 02:25:16,111 - app.core.logging_config - INFO - Successfully set up 3 tools
2025-01-16 02:25:16,111 - app.core.logging_config - DEBUG - Setting up agent executor
2025-01-16 02:25:16,113 - app.core.logging_config - INFO - Successfully set up agent executor
2025-01-16 02:25:16,114 - app.core.logging_config - INFO - GitHubPRReviewAgent initialization complete
2025-01-16 02:28:05,601 - app.core.logging_config - INFO - Initializing GitHubPRReviewAgent
2025-01-16 02:28:05,636 - app.core.logging_config - DEBUG - Setting up agent tools
2025-01-16 02:28:05,637 - app.core.logging_config - INFO - Successfully set up 3 tools
2025-01-16 02:28:05,637 - app.core.logging_config - DEBUG - Setting up agent executor
2025-01-16 02:28:05,639 - app.core.logging_config - INFO - Successfully set up agent executor
2025-01-16 02:28:05,640 - app.core.logging_config - INFO - GitHubPRReviewAgent initialization complete
2025-01-16 02:28:38,153 - app.core.logging_config - INFO - Initializing GitHubPRReviewAgent
2025-01-16 02:28:38,186 - app.core.logging_config - DEBUG - Setting up agent tools
2025-01-16 02:28:38,187 - app.core.logging_config - INFO - Successfully set up 3 tools
2025-01-16 02:28:38,187 - app.core.logging_config - DEBUG - Setting up agent executor
2025-01-16 02:28:38,189 - app.core.logging_config - INFO - Successfully set up agent executor
2025-01-16 02:28:38,190 - app.core.logging_config - INFO - GitHubPRReviewAgent initialization complete
2025-01-16 02:32:17,674 - app.core.logging_config - INFO - Initializing GitHubPRReviewAgent
2025-01-16 02:32:17,711 - app.core.logging_config - DEBUG - Setting up agent tools
2025-01-16 02:32:17,711 - app.core.logging_config - INFO - Successfully set up 3 tools
2025-01-16 02:32:17,712 - app.core.logging_config - DEBUG - Setting up agent executor
2025-01-16 02:32:17,714 - app.core.logging_config - INFO - Successfully set up agent executor
2025-01-16 02:32:17,714 - app.core.logging_config - INFO - GitHubPRReviewAgent initialization complete
2025-01-16 02:32:34,189 - app.core.logging_config - INFO - Initializing GitHubPRReviewAgent
2025-01-16 02:32:34,226 - app.core.logging_config - DEBUG - Setting up agent tools
2025-01-16 02:32:34,226 - app.core.logging_config - INFO - Successfully set up 3 tools
2025-01-16 02:32:34,226 - app.core.logging_config - DEBUG - Setting up agent executor
2025-01-16 02:32:34,229 - app.core.logging_config - INFO - Successfully set up agent executor
2025-01-16 02:32:34,229 - app.core.logging_config - INFO - GitHubPRReviewAgent initialization complete
2025-01-16 02:32:40,693 - app.core.logging_config - INFO - Initializing GitHubPRReviewAgent
2025-01-16 02:32:40,734 - app.core.logging_config - DEBUG - Setting up agent tools
2025-01-16 02:32:40,734 - app.core.logging_config - INFO - Successfully set up 3 tools
2025-01-16 02:32:40,734 - app.core.logging_config - DEBUG - Setting up agent executor
2025-01-16 02:32:40,737 - app.core.logging_config - INFO - Successfully set up agent executor
2025-01-16 02:32:40,738 - app.core.logging_config - INFO - GitHubPRReviewAgent initialization complete
2025-01-16 02:32:48,385 - app.core.logging_config - INFO - Initializing GitHubPRReviewAgent
2025-01-16 02:32:48,420 - app.core.logging_config - DEBUG - Setting up agent tools
2025-01-16 02:32:48,420 - app.core.logging_config - INFO - Successfully set up 3 tools
2025-01-16 02:32:48,420 - app.core.logging_config - DEBUG - Setting up agent executor
2025-01-16 02:32:48,423 - app.core.logging_config - INFO - Successfully set up agent executor
2025-01-16 02:32:48,423 - app.core.logging_config - INFO - GitHubPRReviewAgent initialization complete
2025-01-16 02:33:18,597 - app.core.logging_config - INFO - Initializing GitHubPRReviewAgent
2025-01-16 02:33:18,632 - app.core.logging_config - DEBUG - Setting up agent tools
2025-01-16 02:33:18,633 - app.core.logging_config - INFO - Successfully set up 3 tools
2025-01-16 02:33:18,633 - app.core.logging_config - DEBUG - Setting up agent executor
2025-01-16 02:33:18,635 - app.core.logging_config - INFO - Successfully set up agent executor
2025-01-16 02:33:18,635 - app.core.logging_config - INFO - GitHubPRReviewAgent initialization complete
2025-01-16 02:33:20,996 - app.core.logging_config - INFO - Initializing GitHubPRReviewAgent
2025-01-16 02:33:21,039 - app.core.logging_config - DEBUG - Setting up agent tools
2025-01-16 02:33:21,039 - app.core.logging_config - INFO - Successfully set up 3 tools
2025-01-16 02:33:21,040 - app.core.logging_config - DEBUG - Setting up agent executor
2025-01-16 02:33:21,042 - app.core.logging_config - INFO - Successfully set up agent executor
2025-01-16 02:33:21,042 - app.core.logging_config - INFO - GitHubPRReviewAgent initialization complete
2025-01-16 02:33:29,779 - app.core.logging_config - INFO - Initializing GitHubPRReviewAgent
2025-01-16 02:33:29,816 - app.core.logging_config - DEBUG - Setting up agent tools
2025-01-16 02:33:29,816 - app.core.logging_config - INFO - Successfully set up 3 tools
2025-01-16 02:33:29,817 - app.core.logging_config - DEBUG - Setting up agent executor
2025-01-16 02:33:29,819 - app.core.logging_config - INFO - Successfully set up agent executor
2025-01-16 02:33:29,819 - app.core.logging_config - INFO - GitHubPRReviewAgent initialization complete
2025-01-16 02:33:44,090 - app.core.logging_config - INFO - Initializing GitHubPRReviewAgent
2025-01-16 02:33:44,127 - app.core.logging_config - DEBUG - Setting up agent tools
2025-01-16 02:33:44,127 - app.core.logging_config - INFO - Successfully set up 3 tools
2025-01-16 02:33:44,127 - app.core.logging_config - DEBUG - Setting up agent executor
2025-01-16 02:33:44,129 - app.core.logging_config - INFO - Successfully set up agent executor
2025-01-16 02:33:44,130 - app.core.logging_config - INFO - GitHubPRReviewAgent initialization complete
2025-01-16 02:33:44,715 - app.core.logging_config - INFO - Received PR analyze request: https://github.com/rahberabbas/demo.git - PR#1
2025-01-16 02:33:44,719 - celery.utils.functional - DEBUG - 
def fetch_github_pr(github_repo_url, pr_number, access_token=0):
    return 1

2025-01-16 02:33:44,766 - app.core.logging_config - INFO - Task 91c8eef4-f9dc-482a-8d84-8bfdb9d41348 started for PR#1
